<?xml version="1.0" encoding="UTF-8"?>
<!-- Generated by org.testng.reporters.JUnitReportReporter -->
<testsuite hostname="sys" name="com.stta.SuiteOne.SuiteOneCaseOne" tests="2" failures="0" timestamp="5 Apr 2015 19:38:03 GMT" time="0.001" errors="0">
  <testcase name="SuiteOneCaseOneTest" time="0.001" classname="com.stta.SuiteOne.SuiteOneCaseOne"/>
  <testcase name="SuiteOneCaseOneTest" time="0.000" classname="com.stta.SuiteOne.SuiteOneCaseOne"/>
</testsuite> <!-- com.stta.SuiteOne.SuiteOneCaseOne -->
